<?xml version="1.0" encoding="UTF-8"?>
<testsuite xmlns:xsi="http://www.w3.org/2001/XMLSchema-instance" xsi:noNamespaceSchemaLocation="https://maven.apache.org/surefire/maven-surefire-plugin/xsd/surefire-test-report-3.0.xsd" version="3.0" name="com.mrbeanc.ClipboardCloudApplicationTests" time="0.908" tests="1" errors="0" skipped="0" failures="0">
  <properties>
[...]
</properties>
  <testcase name="testClipboardDTO" classname="com.mrbeanc.ClipboardCloudApplicationTests" time="0.089">
    <system-out><![CDATA[16:44:33.030 [main] DEBUG org.springframework.boot.test.context.SpringBootTestContextBootstrapper - Neither @ContextConfiguration nor @ContextHierarchy found for test class [ClipboardCloudApplicationTests]: using SpringBootContextLoader
16:44:33.032 [main] DEBUG org.springframework.test.context.support.AbstractContextLoader - Could not detect default resource locations for test class [com.mrbeanc.ClipboardCloudApplicationTests]: no resource found for suffixes {-context.xml, Context.groovy}.
16:44:33.032 [main] INFO org.springframework.test.context.support.AnnotationConfigContextLoaderUtils - Could not detect default configuration classes for test class [com.mrbeanc.ClipboardCloudApplicationTests]: ClipboardCloudApplicationTests does not declare any static, non-private, non-final, nested classes annotated with @Configuration.
16:44:33.044 [main] DEBUG org.springframework.boot.test.context.SpringBootTestContextBootstrapper - Using ContextCustomizers for test class [ClipboardCloudApplicationTests]: [ExcludeFilterContextCustomizer, DuplicateJsonObjectContextCustomizer, MockitoContextCustomizer, TestRestTemplateContextCustomizer, DisableObservabilityContextCustomizer, PropertyMappingContextCustomizer, Customizer]
16:44:33.079 [main] DEBUG org.springframework.context.annotation.ClassPathScanningCandidateComponentProvider - Identified candidate component class: file [/Users/chr/Downloads/clipboard/Clipboard-Cloud-BE-master/target/classes/com/mrbeanc/ClipboardCloudApplication.class]
16:44:33.079 [main] INFO org.springframework.boot.test.context.SpringBootTestContextBootstrapper - Found @SpringBootConfiguration com.mrbeanc.ClipboardCloudApplication for test class com.mrbeanc.ClipboardCloudApplicationTests
16:44:33.115 [main] DEBUG org.springframework.test.context.util.TestContextSpringFactoriesUtils - Skipping candidate TestExecutionListener [org.springframework.test.context.transaction.TransactionalTestExecutionListener] due to a missing dependency. Specify custom TestExecutionListener classes or make the default TestExecutionListener classes and their required dependencies available. Offending class: [org/springframework/transaction/interceptor/TransactionAttributeSource]
16:44:33.116 [main] DEBUG org.springframework.test.context.util.TestContextSpringFactoriesUtils - Skipping candidate TestExecutionListener [org.springframework.test.context.jdbc.SqlScriptsTestExecutionListener] due to a missing dependency. Specify custom TestExecutionListener classes or make the default TestExecutionListener classes and their required dependencies available. Offending class: [org/springframework/transaction/interceptor/TransactionAttribute]
16:44:33.117 [main] DEBUG org.springframework.boot.test.context.SpringBootTestContextBootstrapper - Using TestExecutionListeners for test class [ClipboardCloudApplicationTests]: [ServletTestExecutionListener, DirtiesContextBeforeModesTestExecutionListener, ApplicationEventsTestExecutionListener, MockitoTestExecutionListener, DependencyInjectionTestExecutionListener, DirtiesContextTestExecutionListener, EventPublishingTestExecutionListener, ResetMocksTestExecutionListener, RestDocsTestExecutionListener, MockRestServiceServerResetTestExecutionListener, MockMvcPrintOnlyOnFailureTestExecutionListener, WebDriverTestExecutionListener, MockWebServiceServerTestExecutionListener]
16:44:33.117 [main] DEBUG org.springframework.test.context.support.AbstractDirtiesContextTestExecutionListener - Before test class: class [ClipboardCloudApplicationTests], class annotated with @DirtiesContext [false] with mode [null]
16:44:32,962 |-INFO in ch.qos.logback.classic.LoggerContext[default] - This is logback-classic version 1.4.5
16:44:32,976 |-INFO in ch.qos.logback.classic.LoggerContext[default] - Could NOT find resource [logback-test.xml]
16:44:32,976 |-INFO in ch.qos.logback.classic.LoggerContext[default] - Could NOT find resource [logback.xml]
16:44:32,976 |-INFO in ch.qos.logback.classic.BasicConfigurator@5aa360ea - Setting up default configuration.
16:44:33,251 |-INFO in ch.qos.logback.core.model.processor.AppenderModelHandler - Processing appender named [STDOUT]
16:44:33,251 |-INFO in ch.qos.logback.core.model.processor.AppenderModelHandler - About to instantiate appender of type [ch.qos.logback.core.ConsoleAppender]
16:44:33,252 |-INFO in ch.qos.logback.core.model.processor.ImplicitModelHandler - Assuming default type [ch.qos.logback.classic.encoder.PatternLayoutEncoder] for [encoder] property
16:44:33,261 |-WARN in ch.qos.logback.core.model.processor.AppenderModelHandler - Appender named [FILE] not referenced. Skipping further processing.
16:44:33,261 |-INFO in ch.qos.logback.classic.model.processor.RootLoggerModelHandler - Setting level of ROOT logger to INFO
16:44:33,261 |-INFO in ch.qos.logback.classic.jul.LevelChangePropagator@6548bb7d - Propagating INFO level on Logger[ROOT] onto the JUL framework
16:44:33,261 |-INFO in ch.qos.logback.core.model.processor.AppenderRefModelHandler - Attaching appender named [STDOUT] to Logger[ROOT]
16:44:33,261 |-INFO in ch.qos.logback.core.model.processor.DefaultProcessor@e27ba81 - End of configuration.
16:44:33,261 |-INFO in org.springframework.boot.logging.logback.SpringBootJoranConfigurator@54336c81 - Registering current configuration as safe fallback point


  .   ____          _            __ _ _
 /\\ / ___'_ __ _ _(_)_ __  __ _ \ \ \ \
( ( )\___ | '_ | '_| | '_ \/ _` | \ \ \ \
 \\/  ___)| |_)| | | | | || (_| |  ) ) ) )
  '  |____| .__|_| |_|_| |_\__, | / / / /
 =========|_|==============|___/=/_/_/_/
&amp#27;[32m :: Spring Boot :: &amp#27;[39m              &amp#27;[2m (v3.0.2)&amp#27;[0;39m

24-11-30 16:44:33.28 &amp#27;[34mINFO&amp#27;[0;39m [main] - &amp#27;[36mClipboardCloudApplicationTests&amp#27;[0;39m:  Starting ClipboardCloudApplicationTests using Java 23.0.1 with PID 61369 (started by chr in /Users/chr/Downloads/clipboard/Clipboard-Cloud-BE-master)
24-11-30 16:44:33.28 &amp#27;[34mINFO&amp#27;[0;39m [main] - &amp#27;[36mClipboardCloudApplicationTests&amp#27;[0;39m:  No active profile set, falling back to 1 default profile: "default"
24-11-30 16:44:33.76 &amp#27;[34mINFO&amp#27;[0;39m [main] - &amp#27;[36mClipboardCloudApplicationTests&amp#27;[0;39m:  Started ClipboardCloudApplicationTests in 0.626 seconds (process running for 1.073)
]]></system-out>
  </testcase>
</testsuite>